<?xml version="1.0" encoding="UTF-8"?>
<testsuite name="br.com.pan.ClienteServiceTest" tests="1" skipped="0" failures="0" errors="0" timestamp="2025-05-21T13:15:10" hostname="ACT-8393-EXT" time="1.132">
  <properties/>
  <testcase name="dadoClientesCadastrados_quandoListar_entaoRetornaLista()" classname="br.com.pan.ClienteServiceTest" time="1.132"/>
  <system-out><![CDATA[]]></system-out>
  <system-err><![CDATA[]]></system-err>
</testsuite>
